# JRE version: Java(TM) SE Runtime Environment (8.0_72-b15) (build 1.8.0_72-b15)
# Java VM: Java HotSpot(TM) 64-Bit Server VM (25.72-b15 mixed mode windows-amd64 compressed oops)
Heap:
 PSYoungGen      total 232960K, used 106318K [0x00000000eab00000, 0x0000000100000000, 0x0000000100000000)
  eden space 116736K, 91% used [0x00000000eab00000,0x00000000f12d3978,0x00000000f1d00000)
  from space 116224K, 0% used [0x00000000f1d00000,0x00000000f1d00000,0x00000000f8e80000)
  to   space 116224K, 0% used [0x00000000f8e80000,0x00000000f8e80000,0x0000000100000000)
 ParOldGen       total 483328K, used 242750K [0x00000000c0000000, 0x00000000dd800000, 0x00000000eab00000)
  object space 483328K, 50% used [0x00000000c0000000,0x00000000ced0f9a0,0x00000000dd800000)
 Metaspace       used 6822K, capacity 7512K, committed 7680K, reserved 1056768K
  class space    used 640K, capacity 656K, committed 768K, reserved 1048576K
GC Heap History (10 events):
Event: 39.036 GC heap before
{Heap before GC invocations=15 (full 3):
 PSYoungGen      total 232960K, used 117717K [0x00000000eab00000, 0x0000000100000000, 0x0000000100000000)
  eden space 116736K, 100% used [0x00000000eab00000,0x00000000f1d00000,0x00000000f1d00000)
  from space 116224K, 0% used [0x00000000f1d00000,0x00000000f1df54a0,0x00000000f8e80000)
  to   space 116224K, 0% used [0x00000000f8e80000,0x00000000f8e80000,0x0000000100000000)
 ParOldGen       total 441344K, used 239481K [0x00000000c0000000, 0x00000000daf00000, 0x00000000eab00000)
  object space 441344K, 54% used [0x00000000c0000000,0x00000000ce9de7f8,0x00000000daf00000)
 Metaspace       used 6503K, capacity 7256K, committed 7424K, reserved 1056768K
  class space    used 624K, capacity 656K, committed 768K, reserved 1048576K
Event: 39.327 GC heap after
Heap after GC invocations=15 (full 3):
 PSYoungGen      total 232960K, used 16905K [0x00000000eab00000, 0x0000000100000000, 0x0000000100000000)
  eden space 116736K, 0% used [0x00000000eab00000,0x00000000eab00000,0x00000000f1d00000)
  from space 116224K, 14% used [0x00000000f8e80000,0x00000000f9f02450,0x0000000100000000)
  to   space 116224K, 0% used [0x00000000f1d00000,0x00000000f1d00000,0x00000000f8e80000)
 ParOldGen       total 441344K, used 240471K [0x00000000c0000000, 0x00000000daf00000, 0x00000000eab00000)
  object space 441344K, 54% used [0x00000000c0000000,0x00000000cead5ff8,0x00000000daf00000)
 Metaspace       used 6503K, capacity 7256K, committed 7424K, reserved 1056768K
  class space    used 624K, capacity 656K, committed 768K, reserved 1048576K
}
Event: 41.283 GC heap before
{Heap before GC invocations=16 (full 3):
 PSYoungGen      total 232960K, used 133641K [0x00000000eab00000, 0x0000000100000000, 0x0000000100000000)
  eden space 116736K, 100% used [0x00000000eab00000,0x00000000f1d00000,0x00000000f1d00000)
  from space 116224K, 14% used [0x00000000f8e80000,0x00000000f9f02450,0x0000000100000000)
  to   space 116224K, 0% used [0x00000000f1d00000,0x00000000f1d00000,0x00000000f8e80000)
 ParOldGen       total 441344K, used 240471K [0x00000000c0000000, 0x00000000daf00000, 0x00000000eab00000)
  object space 441344K, 54% used [0x00000000c0000000,0x00000000cead5ff8,0x00000000daf00000)
 Metaspace       used 6510K, capacity 7256K, committed 7424K, reserved 1056768K
  class space    used 626K, capacity 656K, committed 768K, reserved 1048576K
Event: 41.423 GC heap after
Heap after GC invocations=16 (full 3):
 PSYoungGen      total 232960K, used 53720K [0x00000000eab00000, 0x0000000100000000, 0x0000000100000000)
  eden space 116736K, 0% used [0x00000000eab00000,0x00000000eab00000,0x00000000f1d00000)
  from space 116224K, 46% used [0x00000000f1d00000,0x00000000f51760f0,0x00000000f8e80000)
  to   space 116224K, 0% used [0x00000000f8e80000,0x00000000f8e80000,0x0000000100000000)
 ParOldGen       total 441344K, used 252917K [0x00000000c0000000, 0x00000000daf00000, 0x00000000eab00000)
  object space 441344K, 57% used [0x00000000c0000000,0x00000000cf6fd508,0x00000000daf00000)
 Metaspace       used 6510K, capacity 7256K, committed 7424K, reserved 1056768K
  class space    used 626K, capacity 656K, committed 768K, reserved 1048576K
}
Event: 41.727 GC heap before
{Heap before GC invocations=17 (full 3):
 PSYoungGen      total 232960K, used 170456K [0x00000000eab00000, 0x0000000100000000, 0x0000000100000000)
  eden space 116736K, 100% used [0x00000000eab00000,0x00000000f1d00000,0x00000000f1d00000)
  from space 116224K, 46% used [0x00000000f1d00000,0x00000000f51760f0,0x00000000f8e80000)
  to   space 116224K, 0% used [0x00000000f8e80000,0x00000000f8e80000,0x0000000100000000)
 ParOldGen       total 441344K, used 252917K [0x00000000c0000000, 0x00000000daf00000, 0x00000000eab00000)
  object space 441344K, 57% used [0x00000000c0000000,0x00000000cf6fd508,0x00000000daf00000)
 Metaspace       used 6510K, capacity 7256K, committed 7424K, reserved 1056768K
  class space    used 626K, capacity 656K, committed 768K, reserved 1048576K
Event: 41.903 GC heap after
Heap after GC invocations=17 (full 3):
 PSYoungGen      total 232960K, used 63630K [0x00000000eab00000, 0x0000000100000000, 0x0000000100000000)
  eden space 116736K, 0% used [0x00000000eab00000,0x00000000eab00000,0x00000000f1d00000)
  from space 116224K, 54% used [0x00000000f8e80000,0x00000000fcca3b30,0x0000000100000000)
  to   space 116224K, 0% used [0x00000000f1d00000,0x00000000f1d00000,0x00000000f8e80000)
 ParOldGen       total 441344K, used 303148K [0x00000000c0000000, 0x00000000daf00000, 0x00000000eab00000)
  object space 441344K, 68% used [0x00000000c0000000,0x00000000d280b170,0x00000000daf00000)
 Metaspace       used 6510K, capacity 7256K, committed 7424K, reserved 1056768K
  class space    used 626K, capacity 656K, committed 768K, reserved 1048576K
}
Event: 42.174 GC heap before
{Heap before GC invocations=18 (full 3):
 PSYoungGen      total 232960K, used 180366K [0x00000000eab00000, 0x0000000100000000, 0x0000000100000000)
  eden space 116736K, 100% used [0x00000000eab00000,0x00000000f1d00000,0x00000000f1d00000)
  from space 116224K, 54% used [0x00000000f8e80000,0x00000000fcca3b30,0x0000000100000000)
  to   space 116224K, 0% used [0x00000000f1d00000,0x00000000f1d00000,0x00000000f8e80000)
 ParOldGen       total 441344K, used 303148K [0x00000000c0000000, 0x00000000daf00000, 0x00000000eab00000)
  object space 441344K, 68% used [0x00000000c0000000,0x00000000d280b170,0x00000000daf00000)
 Metaspace       used 6510K, capacity 7256K, committed 7424K, reserved 1056768K
  class space    used 626K, capacity 656K, committed 768K, reserved 1048576K
Event: 42.356 GC heap after
Heap after GC invocations=18 (full 3):
 PSYoungGen      total 232960K, used 42354K [0x00000000eab00000, 0x0000000100000000, 0x0000000100000000)
  eden space 116736K, 0% used [0x00000000eab00000,0x00000000eab00000,0x00000000f1d00000)
  from space 116224K, 36% used [0x00000000f1d00000,0x00000000f465c850,0x00000000f8e80000)
  to   space 116224K, 0% used [0x00000000f8e80000,0x00000000f8e80000,0x0000000100000000)
 ParOldGen       total 441344K, used 368379K [0x00000000c0000000, 0x00000000daf00000, 0x00000000eab00000)
  object space 441344K, 83% used [0x00000000c0000000,0x00000000d67beca0,0x00000000daf00000)
 Metaspace       used 6510K, capacity 7256K, committed 7424K, reserved 1056768K
  class space    used 626K, capacity 656K, committed 768K, reserved 1048576K
}
Event: 42.357 GC heap before
{Heap before GC invocations=19 (full 4):
 PSYoungGen      total 232960K, used 42354K [0x00000000eab00000, 0x0000000100000000, 0x0000000100000000)
  eden space 116736K, 0% used [0x00000000eab00000,0x00000000eab00000,0x00000000f1d00000)
  from space 116224K, 36% used [0x00000000f1d00000,0x00000000f465c850,0x00000000f8e80000)
  to   space 116224K, 0% used [0x00000000f8e80000,0x00000000f8e80000,0x0000000100000000)
 ParOldGen       total 441344K, used 368379K [0x00000000c0000000, 0x00000000daf00000, 0x00000000eab00000)
  object space 441344K, 83% used [0x00000000c0000000,0x00000000d67beca0,0x00000000daf00000)
 Metaspace       used 6510K, capacity 7256K, committed 7424K, reserved 1056768K
  class space    used 626K, capacity 656K, committed 768K, reserved 1048576K
Event: 45.766 GC heap after
Heap after GC invocations=19 (full 4):
 PSYoungGen      total 232960K, used 0K [0x00000000eab00000, 0x0000000100000000, 0x0000000100000000)
  eden space 116736K, 0% used [0x00000000eab00000,0x00000000eab00000,0x00000000f1d00000)
  from space 116224K, 0% used [0x00000000f1d00000,0x00000000f1d00000,0x00000000f8e80000)
  to   space 116224K, 0% used [0x00000000f8e80000,0x00000000f8e80000,0x0000000100000000)
 ParOldGen       total 483328K, used 242750K [0x00000000c0000000, 0x00000000dd800000, 0x00000000eab00000)
  object space 483328K, 50% used [0x00000000c0000000,0x00000000ced0f9a0,0x00000000dd800000)
 Metaspace       used 6510K, capacity 7256K, committed 7424K, reserved 1056768K
  class space    used 626K, capacity 656K, committed 768K, reserved 1048576K
}

